C51 COMPILER V9.60.7.0   BUTTON                                                            11/30/2025 18:10:21 PAGE 1   


C51 COMPILER V9.60.7.0, COMPILATION OF MODULE BUTTON
OBJECT MODULE PLACED IN .\Objects\Button.obj
COMPILER INVOKED BY: d:\Keil_v5\C51\BIN\C51.EXE Button.c OPTIMIZE(8,SPEED) BROWSE DEBUG OBJECTEXTEND PRINT(.\Listings\Bu
                    -tton.lst) OBJECT(.\Objects\Button.obj)

line level    source

   1          #include "Button.h"
   2          #include <REGX52.h>
   3          #include <INTRINS.h>
   4          
   5          //延时
   6          void Delay(unsigned int ms)             //@11.0592MHz
   7          {
   8   1              unsigned char i, j;
   9   1              while(ms--)
  10   1              {
  11   2                      _nop_();
  12   2                      i = 2;
  13   2                      j = 199;
  14   2                      do
  15   2                      {
  16   3                              while (--j);
  17   3                      } while (--i);
  18   2              }
  19   1      }
  20          
  21          //矩阵键盘检测并输出打印字符
  22          unsigned char JvzhenJianpan()
  23          {
  24   1              unsigned char KeyNumber = 0;
  25   1              
  26   1              P1 = 0xFF;
  27   1              P1_3 = 0;
  28   1              if(P1_7 == 0) {Delay(10); while(P1_7 == 0); Delay(10); KeyNumber = '1';}
  29   1              if(P1_6 == 0) {Delay(10); while(P1_6 == 0); Delay(10); KeyNumber = '4';}
  30   1              if(P1_5 == 0) {Delay(10); while(P1_5 == 0); Delay(10); KeyNumber = '7';}
  31   1              if(P1_4 == 0) {Delay(10); while(P1_4 == 0); Delay(10); KeyNumber = '.';}
  32   1              
  33   1              P1 = 0xFF;
  34   1              P1_2 = 0;
  35   1              if(P1_7 == 0) {Delay(10); while(P1_7 == 0); Delay(10); KeyNumber = '2';}
  36   1              if(P1_6 == 0) {Delay(10); while(P1_6 == 0); Delay(10); KeyNumber = '5';}
  37   1              if(P1_5 == 0) {Delay(10); while(P1_5 == 0); Delay(10); KeyNumber = '8';}
  38   1              if(P1_4 == 0) {Delay(10); while(P1_4 == 0); Delay(10); KeyNumber = '0';}
  39   1              
  40   1              P1 = 0xFF;
  41   1              P1_1 = 0;
  42   1              if(P1_7 == 0) {Delay(10); while(P1_7 == 0); Delay(10); KeyNumber = '3';}
  43   1              if(P1_6 == 0) {Delay(10); while(P1_6 == 0); Delay(10); KeyNumber = '6';}
  44   1              if(P1_5 == 0) {Delay(10); while(P1_5 == 0); Delay(10); KeyNumber = '9';}
  45   1              if(P1_4 == 0) {Delay(10); while(P1_4 == 0); Delay(10); KeyNumber = '=';}
  46   1              
  47   1              P1 = 0xFF;
  48   1              P1_0 = 0;
  49   1              if(P1_7 == 0) {Delay(10); while(P1_7 == 0); Delay(10); KeyNumber = '+';}
  50   1              if(P1_6 == 0) {Delay(10); while(P1_6 == 0); Delay(10); KeyNumber = '-';}
  51   1              if(P1_5 == 0) {Delay(10); while(P1_5 == 0); Delay(10); KeyNumber = '*';}
  52   1              if(P1_4 == 0) {Delay(10); while(P1_4 == 0); Delay(10); KeyNumber = '/';}
  53   1              
  54   1              return KeyNumber;
C51 COMPILER V9.60.7.0   BUTTON                                                            11/30/2025 18:10:21 PAGE 2   

  55   1      }
  56          
  57          
  58          //独立按键
  59          unsigned char Indiv_Key()
  60          {
  61   1              unsigned char KeyNumber = 0;
  62   1              
  63   1              if(P3_1 == 0) {Delay(10); while(P3_1 == 0); Delay(10); KeyNumber = 1;}
  64   1              if(P3_0 == 0) {Delay(10); while(P3_0 == 0); Delay(10); KeyNumber = 2;}
  65   1              if(P3_2 == 0) {Delay(10); while(P3_2 == 0); Delay(10); KeyNumber = 3;}
  66   1              if(P3_3 == 0) {Delay(10); while(P3_3 == 0); Delay(10); KeyNumber = 4;}
  67   1              
  68   1              return KeyNumber;
  69   1      }


MODULE INFORMATION:   STATIC OVERLAYABLE
   CODE SIZE        =    342    ----
   CONSTANT SIZE    =   ----    ----
   XDATA SIZE       =   ----    ----
   PDATA SIZE       =   ----    ----
   DATA SIZE        =   ----    ----
   IDATA SIZE       =   ----    ----
   BIT SIZE         =   ----    ----
END OF MODULE INFORMATION.


C51 COMPILATION COMPLETE.  0 WARNING(S),  0 ERROR(S)
