C51 COMPILER V9.60.7.0   PID                                                               11/30/2025 20:17:37 PAGE 1   


C51 COMPILER V9.60.7.0, COMPILATION OF MODULE PID
OBJECT MODULE PLACED IN .\Objects\PID.obj
COMPILER INVOKED BY: d:\Keil_v5\C51\BIN\C51.EXE PID.c OPTIMIZE(8,SPEED) BROWSE DEBUG OBJECTEXTEND PRINT(.\Listings\PID.l
                    -st) OBJECT(.\Objects\PID.obj)

line level    source

   1          #include <REGX52.H>
   2          
   3          #define SCALING_FACTOR    1000.0   //倍率
   4          
   5          //误差
   6          int error = 0;
   7          int last_error = 0;
   8          //float error = 0.0;
   9          //float last_error = 0.0;
  10          
  11          //比例P/积分I/微分D
  12          //float Kp = 10.0;
  13          //float Ki = 0.1;
  14          //float Kd = 0.0;
  15          int Kp = 5000;
  16          int Ki = 100;
  17          int Kd = 0;//不使用
  18          
  19          //计算
  20          float Output = 0.0;
  21          //float Integral = 0.0;
  22          //float Derivative = 0.0;
  23          int Output_Int = 0;
  24          int Integral = 0;
  25          int Derivative = 0;
  26          
  27          float PID_Calculate(int input)
  28          {
  29   1              error = input;
  30   1              
  31   1              //积分项
  32   1              Integral += error;
  33   1              //积分限幅
  34   1              if(Integral >= 100){Integral = 100;}
  35   1              if(Integral <= -100){Integral = -100;}
  36   1              
  37   1              //微分项
  38   1              Derivative = error - last_error;
  39   1              
  40   1              //PI计算
  41   1              Output_Int = Kp * error + Integral * Ki + Derivative * Kd;
  42   1              //除去倍率
  43   1              Output = Output_Int / SCALING_FACTOR;
  44   1              
  45   1              //保存上一次的误差
  46   1              last_error = error;
  47   1              
  48   1              return Output;
  49   1      }


MODULE INFORMATION:   STATIC OVERLAYABLE
   CODE SIZE        =    149    ----
   CONSTANT SIZE    =   ----    ----
C51 COMPILER V9.60.7.0   PID                                                               11/30/2025 20:17:37 PAGE 2   

   XDATA SIZE       =   ----    ----
   PDATA SIZE       =   ----    ----
   DATA SIZE        =     20    ----
   IDATA SIZE       =   ----    ----
   BIT SIZE         =   ----    ----
END OF MODULE INFORMATION.


C51 COMPILATION COMPLETE.  0 WARNING(S),  0 ERROR(S)
