C51 COMPILER V9.60.7.0   TIMER                                                             11/30/2025 19:21:17 PAGE 1   


C51 COMPILER V9.60.7.0, COMPILATION OF MODULE TIMER
OBJECT MODULE PLACED IN .\Objects\Timer.obj
COMPILER INVOKED BY: d:\Keil_v5\C51\BIN\C51.EXE Timer.c OPTIMIZE(8,SPEED) BROWSE DEBUG OBJECTEXTEND PRINT(.\Listings\Tim
                    -er.lst) OBJECT(.\Objects\Timer.obj)

line level    source

   1          #include <REGX52.H>
   2          #include <INTRINS.h>
   3          
   4          void Timer_Init(void)//PWM 100us
   5          {
   6   1              //计时器模式
   7   1              TMOD &= 0x00;
   8   1              TMOD |= 0x11;
   9   1              //计时器初始值
  10   1              TL1 = 0xA4;
  11   1              TH1 = 0xFF;
  12   1              TL0 = 0xF7;
  13   1              TH0 = 0xFF;
  14   1              //计时器独自开关
  15   1              TF0 = 0;
  16   1              TR0 = 1;
  17   1              TF1 = 0;
  18   1              TR1 = 1;
  19   1              //计时器中断开关
  20   1              ET0 = 1;
  21   1              ET1 = 1;
  22   1              //中断总开关
  23   1              EA = 1;
  24   1              //计时器优先级
  25   1              PT0 = 0;
  26   1              PT1 = 1;
  27   1      }


MODULE INFORMATION:   STATIC OVERLAYABLE
   CODE SIZE        =     37    ----
   CONSTANT SIZE    =   ----    ----
   XDATA SIZE       =   ----    ----
   PDATA SIZE       =   ----    ----
   DATA SIZE        =   ----    ----
   IDATA SIZE       =   ----    ----
   BIT SIZE         =   ----    ----
END OF MODULE INFORMATION.


C51 COMPILATION COMPLETE.  0 WARNING(S),  0 ERROR(S)
